-------------------------------------------------------------------------------
Test set: com.example.rest_assured.Chapter3Test
-------------------------------------------------------------------------------
Tests run: 1, Failures: 0, Errors: 1, Skipped: 0, Time elapsed: 0.035 s <<< FAILURE! - in com.example.rest_assured.Chapter3Test
initializationError(com.example.rest_assured.Chapter3Test)  Time elapsed: 0.014 s  <<< ERROR!
java.lang.Exception: No runnable methods

